[0.020s] Invoking command in '/home/max/temp_workspace/build/interfaces': /usr/bin/cmake --build /home/max/temp_workspace/build/interfaces -- -j4 -l4
[0.054s] -- Found ament_cmake: 0.9.9 (/opt/ros/foxy/share/ament_cmake/cmake)
[0.080s] -- Found PythonInterp: /usr/bin/python3 (found suitable version "3.8.10", minimum required is "3") 
[0.080s] -- Using PYTHON_EXECUTABLE: /usr/bin/python3
[0.303s] -- Found rosidl_default_generators: 1.0.1 (/opt/ros/foxy/share/rosidl_default_generators/cmake)
[0.306s] -- Using all available rosidl_typesupport_c: rosidl_typesupport_fastrtps_c;rosidl_typesupport_introspection_c
[0.310s] -- Found rosidl_adapter: 1.2.1 (/opt/ros/foxy/share/rosidl_adapter/cmake)
[0.487s] -- Using all available rosidl_typesupport_cpp: rosidl_typesupport_fastrtps_cpp;rosidl_typesupport_introspection_cpp
[0.545s] -- Found PythonInterp: /usr/bin/python3 (found version "3.8.10") 
[0.679s] Error parsing '/home/max/temp_workspace/src/interfaces/package.xml':
[0.796s] Traceback (most recent call last):
[0.796s]   File "/opt/ros/foxy/share/ament_cmake_core/cmake/core/package_xml_2_cmake.py", line 143, in <module>
[0.796s]     main()
[0.796s]   File "/opt/ros/foxy/share/ament_cmake_core/cmake/core/package_xml_2_cmake.py", line 52, in main
[0.796s]     raise e
[0.797s]   File "/opt/ros/foxy/share/ament_cmake_core/cmake/core/package_xml_2_cmake.py", line 48, in main
[0.797s]     package = parse_package_string(
[0.797s]   File "/usr/lib/python3/dist-packages/catkin_pkg/package.py", line 788, in parse_package_string
[0.797s]     pkg.validate(warnings=warnings)
[0.797s]   File "/usr/lib/python3/dist-packages/catkin_pkg/package.py", line 330, in validate
[0.797s]     raise InvalidPackage('\n'.join(errors), self.filename)
[0.797s] catkin_pkg.package.InvalidPackage: Error(s) in package '/home/max/temp_workspace/src/interfaces/package.xml':
[0.797s] The package "interfaces" must not "exec_depend" on a package with the same name as this package
[0.829s] CMake Error at /opt/ros/foxy/share/ament_cmake_core/cmake/core/ament_package_xml.cmake:94 (message):
[0.830s]   execute_process(/usr/bin/python3
[0.830s]   /opt/ros/foxy/share/ament_cmake_core/cmake/core/package_xml_2_cmake.py
[0.830s]   /home/max/temp_workspace/src/interfaces/package.xml
[0.830s]   /home/max/temp_workspace/build/interfaces/ament_cmake_core/package.cmake)
[0.830s]   returned error code 1
[0.831s] Call Stack (most recent call first):
[0.831s]   /opt/ros/foxy/share/ament_cmake_core/cmake/core/ament_package_xml.cmake:49 (_ament_package_xml)
[0.831s]   /opt/ros/foxy/share/rosidl_cmake/cmake/rosidl_generate_interfaces.cmake:226 (ament_package_xml)
[0.831s]   CMakeLists.txt:29 (rosidl_generate_interfaces)
[0.831s] 
[0.832s] 
[0.832s] -- Configuring incomplete, errors occurred!
[0.833s] See also "/home/max/temp_workspace/build/interfaces/CMakeFiles/CMakeOutput.log".
[0.840s] make: *** [Makefile:748: cmake_check_build_system] Error 1
[0.843s] Invoked command in '/home/max/temp_workspace/build/interfaces' returned '2': /usr/bin/cmake --build /home/max/temp_workspace/build/interfaces -- -j4 -l4
