[0.000000] (-) TimerEvent: {}
[0.000443] (-) JobUnselected: {'identifier': 'listener'}
[0.000518] (-) JobUnselected: {'identifier': 'service'}
[0.000686] (-) JobUnselected: {'identifier': 'talker'}
[0.001629] (test_interfaces1) JobQueued: {'identifier': 'test_interfaces1', 'dependencies': OrderedDict()}
[0.001689] (test_interfaces1) JobStarted: {'identifier': 'test_interfaces1'}
[0.020705] (test_interfaces1) JobProgress: {'identifier': 'test_interfaces1', 'progress': 'cmake'}
[0.021622] (test_interfaces1) JobProgress: {'identifier': 'test_interfaces1', 'progress': 'build'}
[0.022419] (test_interfaces1) Command: {'cmd': ['/usr/bin/cmake', '--build', '/home/max/temp_workspace/build/test_interfaces1', '--', '-j4', '-l4'], 'cwd': '/home/max/temp_workspace/build/test_interfaces1', 'env': OrderedDict([('GJS_DEBUG_TOPICS', 'JS ERROR;JS LOG'), ('LESSOPEN', '| /usr/bin/lesspipe %s'), ('LANGUAGE', 'C.UTF-8'), ('USER', 'max'), ('SSH_AGENT_PID', '1680'), ('XDG_SESSION_TYPE', 'x11'), ('SHLVL', '1'), ('LD_LIBRARY_PATH', '/home/max/temp_workspace/install/test_interfaces1/lib:/home/max/temp_workspace/install/interfaces/lib:/opt/ros/foxy/opt/yaml_cpp_vendor/lib:/opt/ros/foxy/opt/rviz_ogre_vendor/lib:/opt/ros/foxy/lib/x86_64-linux-gnu:/opt/ros/foxy/lib'), ('HOME', '/home/max'), ('OLDPWD', '/home/max'), ('DESKTOP_SESSION', 'ubuntu'), ('GIO_LAUNCHED_DESKTOP_FILE', '/usr/share/applications/terminator.desktop'), ('ROS_PYTHON_VERSION', '3'), ('GNOME_SHELL_SESSION_MODE', 'ubuntu'), ('GTK_MODULES', 'gail:atk-bridge'), ('MANAGERPID', '1501'), ('DBUS_SESSION_BUS_ADDRESS', 'unix:path=/run/user/1000/bus'), ('COLORTERM', 'truecolor'), ('TERMINATOR_DBUS_NAME', 'net.tenshu.Terminator21a9d5db22c73a993ff0b42f64b396873'), ('GIO_LAUNCHED_DESKTOP_FILE_PID', '16418'), ('IM_CONFIG_PHASE', '1'), ('COLCON_PREFIX_PATH', '/home/max/temp_workspace/install'), ('ROS_DISTRO', 'foxy'), ('LOGNAME', 'max'), ('JOURNAL_STREAM', '8:110522'), ('_', '/usr/bin/colcon'), ('ROS_VERSION', '2'), ('XDG_SESSION_CLASS', 'user'), ('USERNAME', 'max'), ('TERM', 'xterm-256color'), ('GNOME_DESKTOP_SESSION_ID', 'this-is-deprecated'), ('ROS_LOCALHOST_ONLY', '0'), ('WINDOWPATH', '2'), ('PATH', '/opt/ros/foxy/bin:/home/max/.local/bin:/usr/local/sbin:/usr/local/bin:/usr/sbin:/usr/bin:/sbin:/bin:/usr/games:/usr/local/games:/snap/bin'), ('SESSION_MANAGER', 'local/max-MacBookAir:@/tmp/.ICE-unix/1722,unix/max-MacBookAir:/tmp/.ICE-unix/1722'), ('INVOCATION_ID', 'c425df58c7944effb5b082dd327b1be9'), ('XDG_MENU_PREFIX', 'gnome-'), ('XDG_RUNTIME_DIR', '/run/user/1000'), ('DISPLAY', ':0'), ('TERMINATOR_DBUS_PATH', '/net/tenshu/Terminator2'), ('LANG', 'en_US.UTF-8'), ('XDG_CURRENT_DESKTOP', 'ubuntu:GNOME'), ('XMODIFIERS', '@im=ibus'), ('XDG_SESSION_DESKTOP', 'ubuntu'), ('XAUTHORITY', '/run/user/1000/gdm/Xauthority'), ('LS_COLORS', 'rs=0:di=01;34:ln=01;36:mh=00:pi=40;33:so=01;35:do=01;35:bd=40;33;01:cd=40;33;01:or=40;31;01:mi=00:su=37;41:sg=30;43:ca=30;41:tw=30;42:ow=34;42:st=37;44:ex=01;32:*.tar=01;31:*.tgz=01;31:*.arc=01;31:*.arj=01;31:*.taz=01;31:*.lha=01;31:*.lz4=01;31:*.lzh=01;31:*.lzma=01;31:*.tlz=01;31:*.txz=01;31:*.tzo=01;31:*.t7z=01;31:*.zip=01;31:*.z=01;31:*.dz=01;31:*.gz=01;31:*.lrz=01;31:*.lz=01;31:*.lzo=01;31:*.xz=01;31:*.zst=01;31:*.tzst=01;31:*.bz2=01;31:*.bz=01;31:*.tbz=01;31:*.tbz2=01;31:*.tz=01;31:*.deb=01;31:*.rpm=01;31:*.jar=01;31:*.war=01;31:*.ear=01;31:*.sar=01;31:*.rar=01;31:*.alz=01;31:*.ace=01;31:*.zoo=01;31:*.cpio=01;31:*.7z=01;31:*.rz=01;31:*.cab=01;31:*.wim=01;31:*.swm=01;31:*.dwm=01;31:*.esd=01;31:*.jpg=01;35:*.jpeg=01;35:*.mjpg=01;35:*.mjpeg=01;35:*.gif=01;35:*.bmp=01;35:*.pbm=01;35:*.pgm=01;35:*.ppm=01;35:*.tga=01;35:*.xbm=01;35:*.xpm=01;35:*.tif=01;35:*.tiff=01;35:*.png=01;35:*.svg=01;35:*.svgz=01;35:*.mng=01;35:*.pcx=01;35:*.mov=01;35:*.mpg=01;35:*.mpeg=01;35:*.m2v=01;35:*.mkv=01;35:*.webm=01;35:*.ogm=01;35:*.mp4=01;35:*.m4v=01;35:*.mp4v=01;35:*.vob=01;35:*.qt=01;35:*.nuv=01;35:*.wmv=01;35:*.asf=01;35:*.rm=01;35:*.rmvb=01;35:*.flc=01;35:*.avi=01;35:*.fli=01;35:*.flv=01;35:*.gl=01;35:*.dl=01;35:*.xcf=01;35:*.xwd=01;35:*.yuv=01;35:*.cgm=01;35:*.emf=01;35:*.ogv=01;35:*.ogx=01;35:*.aac=00;36:*.au=00;36:*.flac=00;36:*.m4a=00;36:*.mid=00;36:*.midi=00;36:*.mka=00;36:*.mp3=00;36:*.mpc=00;36:*.ogg=00;36:*.ra=00;36:*.wav=00;36:*.oga=00;36:*.opus=00;36:*.spx=00;36:*.xspf=00;36:'), ('SSH_AUTH_SOCK', '/run/user/1000/keyring/ssh'), ('AMENT_PREFIX_PATH', '/home/max/temp_workspace/install/service:/home/max/temp_workspace/install/test_interfaces1:/home/max/temp_workspace/install/talker:/home/max/temp_workspace/install/listener:/home/max/temp_workspace/install/interfaces:/opt/ros/foxy'), ('SHELL', '/bin/bash'), ('TERMINATOR_UUID', 'urn:uuid:b7318a45-32ae-40db-aada-2f67ca1c1d8b'), ('QT_ACCESSIBILITY', '1'), ('GDMSESSION', 'ubuntu'), ('LESSCLOSE', '/usr/bin/lesspipe %s %s'), ('GPG_AGENT_INFO', '/run/user/1000/gnupg/S.gpg-agent:0:1'), ('GJS_DEBUG_OUTPUT', 'stderr'), ('QT_IM_MODULE', 'ibus'), ('PWD', '/home/max/temp_workspace/build/test_interfaces1'), ('XDG_CONFIG_DIRS', '/etc/xdg/xdg-ubuntu:/etc/xdg'), ('XDG_DATA_DIRS', '/usr/share/ubuntu:/usr/local/share/:/usr/share/:/var/lib/snapd/desktop'), ('PYTHONPATH', '/home/max/temp_workspace/install/service/lib/python3.8/site-packages:/home/max/temp_workspace/install/test_interfaces1/lib/python3.8/site-packages:/home/max/temp_workspace/install/talker/lib/python3.8/site-packages:/home/max/temp_workspace/install/listener/lib/python3.8/site-packages:/home/max/temp_workspace/install/interfaces/lib/python3.8/site-packages:/opt/ros/foxy/lib/python3.8/site-packages'), ('COLCON', '1'), ('VTE_VERSION', '6003'), ('CMAKE_PREFIX_PATH', '/home/max/temp_workspace/install/test_interfaces1:/home/max/temp_workspace/install/interfaces:/home/max/temp_workspace/install/service:/home/max/temp_workspace/install/talker:/home/max/temp_workspace/install/listener:/opt/ros/foxy')]), 'shell': False}
[0.057494] (test_interfaces1) StdoutLine: {'line': b'-- Found ament_cmake: 0.9.9 (/opt/ros/foxy/share/ament_cmake/cmake)\n'}
[0.083232] (test_interfaces1) StdoutLine: {'line': b'-- Found PythonInterp: /usr/bin/python3 (found suitable version "3.8.10", minimum required is "3") \n'}
[0.083577] (test_interfaces1) StdoutLine: {'line': b'-- Using PYTHON_EXECUTABLE: /usr/bin/python3\n'}
[0.099394] (-) TimerEvent: {}
[0.199708] (-) TimerEvent: {}
[0.300023] (-) TimerEvent: {}
[0.315122] (test_interfaces1) StdoutLine: {'line': b'-- Found rosidl_default_generators: 1.0.1 (/opt/ros/foxy/share/rosidl_default_generators/cmake)\n'}
[0.318234] (test_interfaces1) StdoutLine: {'line': b'-- Using all available rosidl_typesupport_c: rosidl_typesupport_fastrtps_c;rosidl_typesupport_introspection_c\n'}
[0.322945] (test_interfaces1) StdoutLine: {'line': b'-- Found rosidl_adapter: 1.2.1 (/opt/ros/foxy/share/rosidl_adapter/cmake)\n'}
[0.400151] (-) TimerEvent: {}
[0.500574] (-) TimerEvent: {}
[0.506900] (test_interfaces1) StdoutLine: {'line': b'-- Using all available rosidl_typesupport_cpp: rosidl_typesupport_fastrtps_cpp;rosidl_typesupport_introspection_cpp\n'}
[0.558809] (test_interfaces1) StdoutLine: {'line': b'-- Found PythonInterp: /usr/bin/python3 (found version "3.8.10") \n'}
[0.600671] (-) TimerEvent: {}
[0.700953] (-) TimerEvent: {}
[0.757761] (test_interfaces1) StderrLine: {'line': b'CMake Error at /opt/ros/foxy/share/rosidl_adapter/cmake/rosidl_adapt_interfaces.cmake:60 (message):\n'}
[0.758148] (test_interfaces1) StderrLine: {'line': b'  execute_process(/usr/bin/python3 -m rosidl_adapter --package-name\n'}
[0.758360] (test_interfaces1) StderrLine: {'line': b'  test_interfaces1 --arguments-file\n'}
[0.758579] (test_interfaces1) StderrLine: {'line': b'  /home/max/temp_workspace/build/test_interfaces1/rosidl_adapter__arguments__test_interfaces1.json\n'}
[0.758775] (test_interfaces1) StderrLine: {'line': b'  --output-dir\n'}
[0.758960] (test_interfaces1) StderrLine: {'line': b'  /home/max/temp_workspace/build/test_interfaces1/rosidl_adapter/test_interfaces1\n'}
[0.759144] (test_interfaces1) StderrLine: {'line': b'  --output-file\n'}
[0.759324] (test_interfaces1) StderrLine: {'line': b'  /home/max/temp_workspace/build/test_interfaces1/rosidl_adapter/test_interfaces1.idls)\n'}
[0.759506] (test_interfaces1) StderrLine: {'line': b'  returned error code 1:\n'}
[0.759700] (test_interfaces1) StderrLine: {'line': b'\n'}
[0.759878] (test_interfaces1) StderrLine: {'line': b"  Error processing 'float distance' of\n"}
[0.760059] (test_interfaces1) StderrLine: {'line': b"  'test_interfaces1/GetDistance_Response': ''float' is an invalid message\n"}
[0.760241] (test_interfaces1) StderrLine: {'line': b"  name.  It should have the pattern '^[A-Z][A-Za-z0-9]*$''\n"}
[0.760457] (test_interfaces1) StderrLine: {'line': b'\n'}
[0.760721] (test_interfaces1) StderrLine: {'line': b'  Traceback (most recent call last):\n'}
[0.760899] (test_interfaces1) StderrLine: {'line': b'\n'}
[0.761078] (test_interfaces1) StderrLine: {'line': b'    File "/usr/lib/python3.8/runpy.py", line 194, in _run_module_as_main\n'}
[0.761257] (test_interfaces1) StderrLine: {'line': b'      return _run_code(code, main_globals, None,\n'}
[0.761441] (test_interfaces1) StderrLine: {'line': b'    File "/usr/lib/python3.8/runpy.py", line 87, in _run_code\n'}
[0.761631] (test_interfaces1) StderrLine: {'line': b'      exec(code, run_globals)\n'}
[0.761821] (test_interfaces1) StderrLine: {'line': b'    File "/opt/ros/foxy/lib/python3.8/site-packages/rosidl_adapter/__main__.py", line 19, in <module>\n'}
[0.761998] (test_interfaces1) StderrLine: {'line': b'      sys.exit(main())\n'}
[0.762176] (test_interfaces1) StderrLine: {'line': b'    File "/opt/ros/foxy/lib/python3.8/site-packages/rosidl_adapter/main.py", line 53, in main\n'}
[0.762341] (test_interfaces1) StderrLine: {'line': b'      abs_idl_file = convert_to_idl(\n'}
[0.762491] (test_interfaces1) StderrLine: {'line': b'    File "/opt/ros/foxy/lib/python3.8/site-packages/rosidl_adapter/__init__.py", line 24, in convert_to_idl\n'}
[0.762645] (test_interfaces1) StderrLine: {'line': b'      return convert_srv_to_idl(\n'}
[0.762803] (test_interfaces1) StderrLine: {'line': b'    File "/opt/ros/foxy/lib/python3.8/site-packages/rosidl_adapter/srv/__init__.py", line 28, in convert_srv_to_idl\n'}
[0.762971] (test_interfaces1) StderrLine: {'line': b'      srv = parse_service_string(package_name, input_file.stem, content)\n'}
[0.763134] (test_interfaces1) StderrLine: {'line': b'    File "/opt/ros/foxy/lib/python3.8/site-packages/rosidl_adapter/parser.py", line 856, in parse_service_string\n'}
[0.763305] (test_interfaces1) StderrLine: {'line': b'      response_message = parse_message_string(\n'}
[0.763465] (test_interfaces1) StderrLine: {'line': b'    File "/opt/ros/foxy/lib/python3.8/site-packages/rosidl_adapter/parser.py", line 516, in parse_message_string\n'}
[0.763613] (test_interfaces1) StderrLine: {'line': b'      Type(type_string, context_package_name=pkg_name),\n'}
[0.763768] (test_interfaces1) StderrLine: {'line': b'    File "/opt/ros/foxy/lib/python3.8/site-packages/rosidl_adapter/parser.py", line 276, in __init__\n'}
[0.763927] (test_interfaces1) StderrLine: {'line': b'      super(Type, self).__init__(\n'}
[0.764085] (test_interfaces1) StderrLine: {'line': b'    File "/opt/ros/foxy/lib/python3.8/site-packages/rosidl_adapter/parser.py", line 204, in __init__\n'}
[0.764247] (test_interfaces1) StderrLine: {'line': b'      raise InvalidResourceName(\n'}
[0.764435] (test_interfaces1) StderrLine: {'line': b'\n'}
[0.764587] (test_interfaces1) StderrLine: {'line': b"  rosidl_adapter.parser.InvalidResourceName: 'float' is an invalid message\n"}
[0.764740] (test_interfaces1) StderrLine: {'line': b"  name.  It should have the pattern '^[A-Z][A-Za-z0-9]*$'\n"}
[0.764889] (test_interfaces1) StderrLine: {'line': b'\n'}
[0.765037] (test_interfaces1) StderrLine: {'line': b'Call Stack (most recent call first):\n'}
[0.765186] (test_interfaces1) StderrLine: {'line': b'  /opt/ros/foxy/share/rosidl_cmake/cmake/rosidl_generate_interfaces.cmake:130 (rosidl_adapt_interfaces)\n'}
[0.765363] (test_interfaces1) StderrLine: {'line': b'  CMakeLists.txt:25 (rosidl_generate_interfaces)\n'}
[0.765535] (test_interfaces1) StderrLine: {'line': b'\n'}
[0.765705] (test_interfaces1) StderrLine: {'line': b'\n'}
[0.765876] (test_interfaces1) StdoutLine: {'line': b'-- Configuring incomplete, errors occurred!\n'}
[0.766082] (test_interfaces1) StdoutLine: {'line': b'See also "/home/max/temp_workspace/build/test_interfaces1/CMakeFiles/CMakeOutput.log".\n'}
[0.769373] (test_interfaces1) StderrLine: {'line': b'make: *** [Makefile:748: cmake_check_build_system] Error 1\n'}
[0.772113] (test_interfaces1) CommandEnded: {'returncode': 2}
[0.801110] (-) TimerEvent: {}
[0.872055] (test_interfaces1) JobEnded: {'identifier': 'test_interfaces1', 'rc': 2}
[0.882724] (-) EventReactorShutdown: {}
